<?xml version="1.0" encoding="UTF-8"?>
<!-- Generated by org.testng.reporters.JUnitReportReporter -->
<testsuite skipped="0" hostname="LAPTOP-PN4LQ6CQ" name="TestNg.AutomateWebApp" tests="3" failures="0" timestamp="2022-10-08T13:02:54 IST" time="151.758" errors="0">
  <testcase name="register" time="22.973" classname="TestNg.AutomateWebApp"/>
  <system-out/>
  <testcase name="login" time="64.365" classname="TestNg.AutomateWebApp"/>
  <system-out/>
  <testcase name="search" time="64.420" classname="TestNg.AutomateWebApp"/>
  <system-out/>
</testsuite> <!-- TestNg.AutomateWebApp -->
